Section B -- 56222 records
processed 1000 (1.8%); block time = 0.31 minutes ... 17 minutes remaining
processed 2000 (3.6%); block time = 0.32 minutes ... 17 minutes remaining
processed 3000 (5.3%); block time = 0.31 minutes ... 17 minutes remaining
processed 4000 (7.1%); block time = 0.31 minutes ... 16 minutes remaining
processed 5000 (8.9%); block time = 0.3 minutes ... 16 minutes remaining
processed 6000 (11%); block time = 0.29 minutes ... 15 minutes remaining
processed 7000 (12%); block time = 0.28 minutes ... 15 minutes remaining
processed 8000 (14%); block time = 0.28 minutes ... 14 minutes remaining
processed 9000 (16%); block time = 0.26 minutes ... 14 minutes remaining
processed 10000 (18%); block time = 0.27 minutes ... 14 minutes remaining
processed 11000 (20%); block time = 0.27 minutes ... 13 minutes remaining
processed 12000 (21%); block time = 0.26 minutes ... 13 minutes remaining
processed 13000 (23%); block time = 0.25 minutes ... 12 minutes remaining
processed 14000 (25%); block time = 0.25 minutes ... 12 minutes remaining
processed 15000 (27%); block time = 0.24 minutes ... 12 minutes remaining
processed 16000 (28%); block time = 0.23 minutes ... 11 minutes remaining
processed 17000 (30%); block time = 0.22 minutes ... 11 minutes remaining
processed 18000 (32%); block time = 0.21 minutes ... 10 minutes remaining
processed 19000 (34%); block time = 0.2 minutes ... 9.9 minutes remaining
processed 20000 (36%); block time = 0.2 minutes ... 9.5 minutes remaining
processed 21000 (37%); block time = 0.2 minutes ... 9.2 minutes remaining
processed 22000 (39%); block time = 0.19 minutes ... 8.8 minutes remaining
processed 23000 (41%); block time = 0.18 minutes ... 8.4 minutes remaining
processed 24000 (43%); block time = 0.18 minutes ... 8.1 minutes remaining
processed 25000 (44%); block time = 0.18 minutes ... 7.7 minutes remaining
processed 26000 (46%); block time = 0.16 minutes ... 7.4 minutes remaining
processed 27000 (48%); block time = 0.16 minutes ... 7 minutes remaining
processed 28000 (50%); block time = 0.15 minutes ... 6.7 minutes remaining
processed 29000 (52%); block time = 0.15 minutes ... 6.4 minutes remaining
processed 30000 (53%); block time = 0.14 minutes ... 6.1 minutes remaining
processed 31000 (55%); block time = 0.14 minutes ... 5.8 minutes remaining
processed 32000 (57%); block time = 0.14 minutes ... 5.5 minutes remaining
processed 33000 (59%); block time = 0.13 minutes ... 5.2 minutes remaining
processed 34000 (60%); block time = 0.12 minutes ... 4.9 minutes remaining
processed 35000 (62%); block time = 0.12 minutes ... 4.6 minutes remaining
processed 36000 (64%); block time = 0.11 minutes ... 4.3 minutes remaining
processed 37000 (66%); block time = 0.1 minutes ... 4.1 minutes remaining
processed 38000 (68%); block time = 0.11 minutes ... 3.8 minutes remaining
processed 39000 (69%); block time = 0.11 minutes ... 3.5 minutes remaining
processed 40000 (71%); block time = 0.088 minutes ... 3.3 minutes remaining
processed 41000 (73%); block time = 0.081 minutes ... 3 minutes remaining
processed 42000 (75%); block time = 0.079 minutes ... 2.8 minutes remaining
processed 43000 (76%); block time = 0.073 minutes ... 2.6 minutes remaining
processed 44000 (78%); block time = 0.069 minutes ... 2.3 minutes remaining
processed 45000 (80%); block time = 0.062 minutes ... 2.1 minutes remaining
processed 46000 (82%); block time = 0.061 minutes ... 1.9 minutes remaining
processed 47000 (84%); block time = 0.059 minutes ... 1.7 minutes remaining
processed 48000 (85%); block time = 0.052 minutes ... 1.5 minutes remaining
processed 49000 (87%); block time = 0.047 minutes ... 1.3 minutes remaining
processed 50000 (89%); block time = 0.039 minutes ... 1.1 minutes remaining
processed 51000 (91%); block time = 0.033 minutes ... 0.9 minutes remaining
processed 52000 (92%); block time = 0.022 minutes ... 0.71 minutes remaining
processed 53000 (94%); block time = 0.014 minutes ... 0.53 minutes remaining
processed 54000 (96%); block time = 0.0067 minutes ... 0.36 minutes remaining
processed 55000 (98%); block time = 0.0037 minutes ... 0.2 minutes remaining
processed 56000 (1e+02%); block time = 0.0017 minutes ... 0.035 minutes remaining
finished!
Total time: 9 minutes.
score distribution
0	0
10	2201966422
20	684477408
30	200272474
40	0
50	0
60	68102386
70	3992806
80	76622
90	1297146
100	478944
110	135596
120	40950
130	10958
140	5156
150	182
160	8
170	0
180	0
190	0
200	56226
*********************
counts = 3160913284 : expected = 3160913284
