Section C -- 38747 records
processed 1000 (2.6%); block time = 0.23 minutes ... 8.6 minutes remaining
processed 2000 (5.2%); block time = 0.21 minutes ... 8.1 minutes remaining
processed 3000 (7.7%); block time = 0.22 minutes ... 7.9 minutes remaining
processed 4000 (10%); block time = 0.22 minutes ... 7.6 minutes remaining
processed 5000 (13%); block time = 0.21 minutes ... 7.3 minutes remaining
processed 6000 (15%); block time = 0.2 minutes ... 7 minutes remaining
processed 7000 (18%); block time = 0.19 minutes ... 6.7 minutes remaining
processed 8000 (21%); block time = 0.18 minutes ... 6.4 minutes remaining
processed 9000 (23%); block time = 0.18 minutes ... 6.1 minutes remaining
processed 10000 (26%); block time = 0.17 minutes ... 5.8 minutes remaining
processed 11000 (28%); block time = 0.17 minutes ... 5.5 minutes remaining
processed 12000 (31%); block time = 0.16 minutes ... 5.2 minutes remaining
processed 13000 (34%); block time = 0.15 minutes ... 5 minutes remaining
processed 14000 (36%); block time = 0.15 minutes ... 4.7 minutes remaining
processed 15000 (39%); block time = 0.14 minutes ... 4.4 minutes remaining
processed 16000 (41%); block time = 0.13 minutes ... 4.2 minutes remaining
processed 17000 (44%); block time = 0.12 minutes ... 3.9 minutes remaining
processed 18000 (46%); block time = 0.12 minutes ... 3.6 minutes remaining
processed 19000 (49%); block time = 0.11 minutes ... 3.4 minutes remaining
processed 20000 (52%); block time = 0.11 minutes ... 3.2 minutes remaining
processed 21000 (54%); block time = 0.1 minutes ... 3 minutes remaining
processed 22000 (57%); block time = 0.097 minutes ... 2.7 minutes remaining
processed 23000 (59%); block time = 0.098 minutes ... 2.5 minutes remaining
processed 24000 (62%); block time = 0.095 minutes ... 2.3 minutes remaining
processed 25000 (65%); block time = 0.089 minutes ... 2.1 minutes remaining
processed 26000 (67%); block time = 0.078 minutes ... 1.9 minutes remaining
processed 27000 (70%); block time = 0.072 minutes ... 1.7 minutes remaining
processed 28000 (72%); block time = 0.068 minutes ... 1.6 minutes remaining
processed 29000 (75%); block time = 0.061 minutes ... 1.4 minutes remaining
processed 30000 (77%); block time = 0.056 minutes ... 1.2 minutes remaining
processed 31000 (80%); block time = 0.05 minutes ... 1.1 minutes remaining
processed 32000 (83%); block time = 0.044 minutes ... 0.91 minutes remaining
processed 33000 (85%); block time = 0.038 minutes ... 0.76 minutes remaining
processed 34000 (88%); block time = 0.031 minutes ... 0.61 minutes remaining
processed 35000 (90%); block time = 0.025 minutes ... 0.47 minutes remaining
processed 36000 (93%); block time = 0.017 minutes ... 0.34 minutes remaining
processed 37000 (95%); block time = 0.0082 minutes ... 0.21 minutes remaining
processed 38000 (98%); block time = 0.0028 minutes ... 0.087 minutes remaining
finished!
Total time: 4 minutes.
score distribution
0	0
10	808787782
20	472695700
30	141097808
40	0
50	0
60	73687976
70	1857588
80	58078
90	2086526
100	539736
110	290970
120	141696
130	29242
140	12612
150	4690
160	856
170	0
180	0
190	0
200	38749
*********************
counts = 1501330009 : expected = 1501330009
