Section H -- 39868 records
processed 1000 (2.5%); block time = 0.24 minutes ... 9.4 minutes remaining
processed 2000 (5%); block time = 0.23 minutes ... 9 minutes remaining
processed 3000 (7.5%); block time = 0.23 minutes ... 8.7 minutes remaining
processed 4000 (10%); block time = 0.23 minutes ... 8.4 minutes remaining
processed 5000 (13%); block time = 0.22 minutes ... 8.1 minutes remaining
processed 6000 (15%); block time = 0.22 minutes ... 7.8 minutes remaining
processed 7000 (18%); block time = 0.21 minutes ... 7.5 minutes remaining
processed 8000 (20%); block time = 0.2 minutes ... 7.1 minutes remaining
processed 9000 (23%); block time = 0.2 minutes ... 6.8 minutes remaining
processed 10000 (25%); block time = 0.21 minutes ... 6.6 minutes remaining
processed 11000 (28%); block time = 0.23 minutes ... 6.4 minutes remaining
processed 12000 (30%); block time = 0.21 minutes ... 6.1 minutes remaining
processed 13000 (33%); block time = 0.18 minutes ... 5.8 minutes remaining
processed 14000 (35%); block time = 0.17 minutes ... 5.5 minutes remaining
processed 15000 (38%); block time = 0.17 minutes ... 5.2 minutes remaining
processed 16000 (40%); block time = 0.16 minutes ... 5 minutes remaining
processed 17000 (43%); block time = 0.14 minutes ... 4.6 minutes remaining
processed 18000 (45%); block time = 0.13 minutes ... 4.4 minutes remaining
processed 19000 (48%); block time = 0.13 minutes ... 4.1 minutes remaining
processed 20000 (50%); block time = 0.13 minutes ... 3.8 minutes remaining
processed 21000 (53%); block time = 0.12 minutes ... 3.6 minutes remaining
processed 22000 (55%); block time = 0.11 minutes ... 3.3 minutes remaining
processed 23000 (58%); block time = 0.1 minutes ... 3.1 minutes remaining
processed 24000 (60%); block time = 0.099 minutes ... 2.8 minutes remaining
processed 25000 (63%); block time = 0.091 minutes ... 2.6 minutes remaining
processed 26000 (65%); block time = 0.091 minutes ... 2.4 minutes remaining
processed 27000 (68%); block time = 0.085 minutes ... 2.2 minutes remaining
processed 28000 (70%); block time = 0.075 minutes ... 2 minutes remaining
processed 29000 (73%); block time = 0.071 minutes ... 1.8 minutes remaining
processed 30000 (75%); block time = 0.064 minutes ... 1.6 minutes remaining
processed 31000 (78%); block time = 0.058 minutes ... 1.4 minutes remaining
processed 32000 (80%); block time = 0.046 minutes ... 1.2 minutes remaining
processed 33000 (83%); block time = 0.046 minutes ... 1 minutes remaining
processed 34000 (85%); block time = 0.037 minutes ... 0.85 minutes remaining
processed 35000 (88%); block time = 0.031 minutes ... 0.69 minutes remaining
processed 36000 (90%); block time = 0.025 minutes ... 0.54 minutes remaining
processed 37000 (93%); block time = 0.018 minutes ... 0.39 minutes remaining
processed 38000 (95%); block time = 0.0083 minutes ... 0.25 minutes remaining
processed 39000 (98%); block time = 0.0028 minutes ... 0.11 minutes remaining
finished!
Total time: 5 minutes.
score distribution
0	0
10	0
20	1040741240
30	396355660
40	0
50	0
60	105887990
70	27820894
80	66208
90	14628624
100	2171864
110	453856
120	659672
130	191628
140	195328
150	119096
160	70290
170	28660
180	21226
190	5320
200	39868
*********************
counts = 1589457424 : expected = 1589457424
